<?xml version="1.0" encoding="UTF-8"?>
<!-- Generated by org.testng.reporters.JUnitReportReporter -->
<testsuite hostname="DESKTOP-ICCI12L" failures="0" tests="1" name="test.AddContactTest" time="22.229" errors="0" timestamp="2022-06-03T18:04:07 EDT" skipped="0">
  <testcase classname="test.AddContactTest" name="validUserShouldBeAbleToAddCustomer" time="22.229"/>
  <system-out/>
</testsuite> <!-- test.AddContactTest -->
