<?xml version="1.0" encoding="UTF-8"?>
<!-- Generated by org.testng.reporters.JUnitReportReporter -->
<testsuite hostname="DESKTOP-ICCI12L" failures="0" tests="1" name="test.LoginTest" time="17.042" errors="0" timestamp="2022-06-03T16:12:24 EDT" skipped="0">
  <testcase classname="test.LoginTest" name="validUserShouldBeAbleToLogin" time="17.042"/>
  <system-out/>
</testsuite> <!-- test.LoginTest -->
